\BOOKMARK [1][-]{section.1}{\376\377\000I\000n\000t\000r\000o\000d\000u\000c\000t\000i\000o\000n}{}% 1
\BOOKMARK [1][-]{section.2}{\376\377\000L\000e\000\040\000S\000h\000e\000l\000l\000\040\000-\000\040\000l\000e\000s\000\040\000b\000a\000s\000e\000s}{}% 2
\BOOKMARK [2][-]{subsection.2.1}{\376\377\000Q\000u\000'\000e\000s\000t\000\040\000c\000e\000\040\000q\000u\000'\000u\000n\000\040\000s\000h\000e\000l\000l}{section.2}% 3
\BOOKMARK [2][-]{subsection.2.2}{\376\377\000D\000i\000f\000f\000\351\000r\000e\000n\000t\000s\000\040\000s\000h\000e\000l\000l\000s\000\040\000U\000n\000i\000x}{section.2}% 4
\BOOKMARK [2][-]{subsection.2.3}{\376\377\000R\000a\000p\000p\000e\000l\000s\000\040\000L\000i\000n\000u\000x\000\040\000e\000s\000s\000e\000n\000t\000i\000e\000l\000s\000\040\000p\000o\000u\000r\000\040\000l\000e\000\040\000s\000c\000r\000i\000p\000t\000i\000n\000g}{section.2}% 5
\BOOKMARK [2][-]{subsection.2.4}{\376\377\000I\000n\000t\000\351\000r\000e\000t\000s\000\040\000d\000e\000s\000\040\000S\000h\000e\000l\000l\000s\000\040\000U\000n\000i\000x}{section.2}% 6
\BOOKMARK [3][-]{subsubsection.2.4.1}{\376\377\000A\000c\000t\000i\000o\000n\000s\000\040\000u\000n\000i\000q\000u\000e\000s}{subsection.2.4}% 7
\BOOKMARK [3][-]{subsubsection.2.4.2}{\376\377\000M\000a\000n\000i\000p\000u\000l\000a\000t\000i\000o\000n\000\040\000d\000e\000\040\000b\000i\000n\000a\000i\000r\000e\000s}{subsection.2.4}% 8
\BOOKMARK [3][-]{subsubsection.2.4.3}{\376\377\000M\000a\000n\000i\000p\000u\000l\000a\000t\000i\000o\000n\000\040\000d\000e\000\040\000t\000e\000x\000t\000e}{subsection.2.4}% 9
\BOOKMARK [3][-]{subsubsection.2.4.4}{\376\377\000M\000a\000n\000i\000p\000u\000l\000a\000t\000i\000o\000n\000\040\000O\000S\000\040\000l\000i\000n\000u\000x}{subsection.2.4}% 10
\BOOKMARK [2][-]{subsection.2.5}{\376\377\000D\000\351\000t\000a\000i\000l\000s\000\040\000s\000y\000n\000t\000a\000x\000i\000q\000u\000e\000s}{section.2}% 11
\BOOKMARK [3][-]{subsubsection.2.5.1}{\376\377\000R\000e\000d\000i\000r\000e\000c\000t\000i\000o\000n\000s\000\040\000e\000t\000\040\000c\000h\000a\000r\000a\000c\000t\000\350\000r\000e\000s\000\040\000s\000p\000\351\000c\000i\000a\000u\000x}{subsection.2.5}% 12
\BOOKMARK [3][-]{subsubsection.2.5.2}{\376\377\000S\000t\000r\000u\000c\000t\000u\000r\000e\000s\000\040\000d\000e\000\040\000c\000o\000n\000t\000r\000\364\000l\000e}{subsection.2.5}% 13
\BOOKMARK [3][-]{subsubsection.2.5.3}{\376\377\000V\000a\000r\000i\000a\000b\000l\000e\000s}{subsection.2.5}% 14
\BOOKMARK [3][-]{subsubsection.2.5.4}{\376\377\000F\000o\000n\000c\000t\000i\000o\000n\000s}{subsection.2.5}% 15
\BOOKMARK [3][-]{subsubsection.2.5.5}{\376\377\000A\000r\000g\000u\000m\000e\000n\000t\000s\000\040\000p\000a\000r\000s\000i\000n\000g}{subsection.2.5}% 16
\BOOKMARK [3][-]{subsubsection.2.5.6}{\376\377\000B\000i\000n\000a\000i\000r\000e\000s\000\040\000u\000t\000i\000l\000e\000s}{subsection.2.5}% 17
\BOOKMARK [2][-]{subsection.2.6}{\376\377\000E\000x\000e\000r\000c\000i\000c\000e\000s}{section.2}% 18
\BOOKMARK [3][-]{subsubsection.2.6.1}{\376\377\000S\000c\000r\000i\000p\000t}{subsection.2.6}% 19
\BOOKMARK [3][-]{subsubsection.2.6.2}{\376\377\000S\000a\000n\000s\000\040\000s\000c\000r\000i\000p\000t\000s}{subsection.2.6}% 20
\BOOKMARK [1][-]{section.3}{\376\377\000L\000e\000\040\000l\000a\000n\000g\000a\000g\000e\000\040\000P\000e\000r\000l\000\040\000-\000\040\000l\000e\000s\000\040\000b\000a\000s\000e\000s}{}% 21
\BOOKMARK [1][-]{section.4}{\376\377\000L\000e\000\040\000l\000a\000n\000g\000a\000g\000e\000\040\000R\000u\000b\000y\000\040\000-\000\040\000l\000e\000s\000\040\000b\000a\000s\000e\000s}{}% 22
\BOOKMARK [1][-]{section.5}{\376\377\000L\000e\000\040\000l\000a\000n\000g\000a\000g\000e\000\040\000P\000y\000t\000h\000o\000n\000\040\000-\000\040\000l\000e\000s\000\040\000b\000a\000s\000e\000s}{}% 23
\BOOKMARK [2][-]{subsection.5.1}{\376\377\000S\000y\000n\000t\000a\000x\000e}{section.5}% 24
\BOOKMARK [2][-]{subsection.5.2}{\376\377\000E\000x\000e\000r\000c\000i\000c\000e\000s\000\040\000P\000y\000t\000h\000o\000n}{section.5}% 25
\BOOKMARK [1][-]{section.6}{\376\377\000L\000e\000s\000\040\000e\000x\000p\000r\000e\000s\000s\000i\000o\000n\000s\000\040\000r\000\351\000g\000u\000l\000i\000\350\000r\000e\000s\000\040\000\050\000R\000e\000g\000E\000x\000p\000\051}{}% 26
\BOOKMARK [1][-]{section.7}{\376\377\000L\000a\000\040\000m\000o\000d\000u\000l\000a\000r\000i\000t\000\351\000\040\000e\000n\000\040\000S\000h\000e\000l\000l\000,\000\040\000P\000e\000r\000l\000,\000\040\000P\000y\000t\000h\000o\000n\000\040\000e\000t\000\040\000R\000u\000b\000y}{}% 27
\BOOKMARK [1][-]{section.8}{\376\377\000L\000a\000\040\000p\000r\000o\000g\000r\000a\000m\000m\000a\000t\000i\000o\000n\000\040\000p\000a\000r\000a\000l\000l\000\350\000l\000e\000\040\000e\000n\000\040\000S\000h\000e\000l\000l\000,\000\040\000P\000e\000r\000l\000,\000\040\000P\000y\000t\000h\000o\000n\000\040\000e\000t\000\040\000R\000u\000b\000y}{}% 28
\BOOKMARK [1][-]{section.9}{\376\377\000R\000\351\000s\000o\000u\000d\000r\000e\000\040\000d\000e\000s\000\040\000p\000r\000o\000b\000l\000\350\000m\000e\000s\000\040\000a\000v\000e\000c\000\040\000l\000e\000\040\000S\000h\000e\000l\000l\000,\000\040\000P\000e\000r\000l\000,\000\040\000P\000y\000t\000h\000o\000n\000\040\000e\000t\000\040\000R\000u\000b\000y}{}% 29
